# gazelle:prefix io_tweag_gazelle_nix
# gazelle:exclude nix
# gazelle:nix_repositories nixpkgs=@nixpkgs
load(
    "@bazel_gazelle//:def.bzl",
    "DEFAULT_LANGUAGES",
    "gazelle",
    "gazelle_binary",
)

gazelle(
    name = "gazelle",
    gazelle = "//:gazelle_binary",
)

gazelle_binary(
    name = "gazelle_binary",
    languages = DEFAULT_LANGUAGES + ["@io_tweag_gazelle_nix//nix/gazelle"],
)

gazelle(
    name = "gazelle-update",
    command = "update",
    extra_args = [
        "-lang",
        "nix",
    ],
    gazelle = "//:gazelle_binary",
)

gazelle(
    name = "gazelle-update-repos",
    command = "update-repos",
    extra_args = [
        "-lang",
        "nix",
        "any",
    ],
    gazelle = "//:gazelle_binary",
)

# For testing purposes
exports_files(
    glob([
        "**/*",
    ]),
)
