load("@io_tweag_gazelle_nix//nix:defs.bzl", "export_nix", "nixpkgs_package_manifest")

# autogenerated
nixpkgs_package_manifest(
    name = "folks.i-need-a-friend",
    nix_file = "//folks/i-need-a-friend:default.nix",
    nix_file_deps = [
        "//nix/nixpkgs:default.nix",
        "//nix/nixpkgs:nixpkgs.json",
        "//folks/lone-wolf:default.nix",
        "//folks/lone-wolf:src/truth.source",
        "//folks/i-need-a-friend:default.nix",
        "//folks/i-need-a-friend:src/truth.source",
    ],
    repositories = {
        "nixpkgs": "@nixpkgs",
    },
)

# autogenerated
export_nix(
    name = "exports",
    files = [
        "//folks/i-need-a-friend:default.nix",
        "//folks/i-need-a-friend:src/truth.source",
    ],
)
