load("@io_tweag_gazelle_nix//nix:defs.bzl", "nixpkgs_package_manifest")

# autogenerated
nixpkgs_package_manifest(
    name = "folks.cowsay",
    attribute_path = "folks.cowsay",
    nix_file = "//:default.nix",
    nix_file_deps = [
        "//:default.nix",
        "//nix/nixpkgs:default.nix",
        "//nix/nixpkgs:nixpkgs.json",
        "//nix/readPkgs:default.nix",
        "//folks/cowsay:default.nix",
    ],
    repositories = {
        "nixpkgs": "@nixpkgs",
    },
)

# autogenerated
filegroup(
    name = "folks.cowsay-exports",
    srcs = ["//folks/cowsay:default.nix"],
)
