load("@io_tweag_gazelle_nix//nix:defs.bzl", "nixpkgs_package_manifest")

# autogenerated
nixpkgs_package_manifest(
    name = "folks.lone-wolf",
    nix_file = "//:default.nix",
    nix_file_deps = [
        "//:default.nix",
        "//nix/nixpkgs:default.nix",
        "//nix/nixpkgs:nixpkgs.json",
        "//folks/lone-wolf:default.nix",
        "//folks/lone-wolf:src/truth.source",
    ],
    nixopts = [
        "--argstr",
        "nix_file",
        "folks/lone-wolf/default.nix",
    ],
    repositories = {
        "nixpkgs": "@nixpkgs",
    },
)

# autogenerated
filegroup(
    name = "folks.lone-wolf-exports",
    srcs = [
        "//folks/lone-wolf:default.nix",
        "//folks/lone-wolf:src/truth.source",
    ],
)
