load("@io_tweag_gazelle_nix//nix:defs.bzl", "nixpkgs_package_manifest")

# autogenerated
nixpkgs_package_manifest(
    name = "folks.we.need.to.go.deeper",
    attribute_path = "folks.we.need.to.go.deeper",
    nix_file = "//:default.nix",
    nix_file_deps = [
        "//:default.nix",
        "//nix/nixpkgs:default.nix",
        "//nix/nixpkgs:nixpkgs.json",
        "//nix/readPkgs:default.nix",
        "//folks/the-one-all-know:default.nix",
        "//folks/lone-wolf:default.nix",
        "//folks/lone-wolf:src/truth.source",
        "//folks/the-one-all-know:src/truth.source",
        "//folks/cool-kid:default.nix",
        "//folks/cool-kid:src/truth.source",
        "//folks/we/need/to/go/deeper:default.nix",
        "//folks/we/need/to/go/deeper:src/truth.source",
    ],
    repositories = {
        "nixpkgs": "@nixpkgs",
    },
)

# autogenerated
filegroup(
    name = "folks.we.need.to.go.deeper-exports",
    srcs = [
        "//folks/we/need/to/go/deeper:default.nix",
        "//folks/we/need/to/go/deeper:src/truth.source",
    ],
)
