load("@io_tweag_gazelle_nix//nix:defs.bzl", "nixpkgs_package_manifest")

# autogenerated
nixpkgs_package_manifest(
    name = "folks.i-need-a-friend",
    nix_file = "//:default.nix",
    nix_file_deps = [
        "//:default.nix",
        "//nix/nixpkgs:default.nix",
        "//nix/nixpkgs:nixpkgs.json",
        "//nix/readPkgs:default.nix",
        "//folks/cool-kid:default.nix",
        "//folks/the-one-all-know:default.nix",
        "//folks/lone-wolf:default.nix",
        "//folks/lone-wolf:src/truth.source",
        "//folks/the-one-all-know:src/truth.source",
        "//folks/cool-kid:src/truth.source",
        "//folks/i-need-a-friend:default.nix",
        "//folks/i-need-a-friend:src/truth.source",
    ],
    nixopts = [
        "--argstr",
        "nix_file",
        "folks/i-need-a-friend/default.nix",
    ],
    repositories = {
        "nixpkgs": "@nixpkgs",
    },
)

# autogenerated
filegroup(
    name = "folks.i-need-a-friend-exports",
    srcs = [
        "//folks/i-need-a-friend:default.nix",
        "//folks/i-need-a-friend:src/truth.source",
    ],
)
