load("@io_tweag_gazelle_nix//nix:defs.bzl", "nixpkgs_package_manifest")

# autogenerated
nixpkgs_package_manifest(
    name = "folks.leave-me-alone.nothing.to.see.here.officer",
    attribute_path = "folks.leave-me-alone.nothing.to.see.here.officer",
    nix_file = "//:default.nix",
    nix_file_deps = [
        "//:default.nix",
        "//nix/nixpkgs:default.nix",
        "//nix/nixpkgs:nixpkgs.json",
        "//nix/readPkgs:default.nix",
        "//folks/leave-me-alone/nothing/to/see/here/officer:default.nix",
        "//folks/leave-me-alone/nothing/to/see/here/officer:src/truth.source",
    ],
    repositories = {
        "nixpkgs": "@nixpkgs",
    },
)

# autogenerated
filegroup(
    name = "folks.leave-me-alone.nothing.to.see.here.officer-exports",
    srcs = [
        "//folks/leave-me-alone/nothing/to/see/here/officer:default.nix",
        "//folks/leave-me-alone/nothing/to/see/here/officer:src/truth.source",
    ],
)
